<?xml version="1.0" encoding="UTF-8"?>
<!-- Generated by org.testng.reporters.JUnitReportReporter -->
<testsuite hostname="DESKTOP-FB27E98" name="com.testcase.xztktestcase" tests="1" failures="0" timestamp="5 Mar 2019 00:47:13 GMT" time="14.421" errors="0">
  <testcase name="login" time="14.421" classname="com.testcase.xztktestcase"/>
</testsuite> <!-- com.testcase.xztktestcase -->
