<?xml version="1.0" encoding="UTF-8"?>
<!-- Generated by org.testng.reporters.JUnitReportReporter -->
<testsuite hostname="DESKTOP-FB27E98" name="com.testcase.logintestcase" tests="1" failures="0" timestamp="5 Mar 2019 08:10:13 GMT" time="14.472" errors="0">
  <testcase name="login" time="14.472" classname="com.testcase.logintestcase"/>
</testsuite> <!-- com.testcase.logintestcase -->
