<?xml version="1.0" encoding="UTF-8"?>
<!-- Generated by org.testng.reporters.JUnitReportReporter -->
<testsuite hostname="DESKTOP-FB27E98" name="class01.test01" tests="1" failures="0" timestamp="25 Mar 2019 03:31:04 GMT" time="14.858" errors="0">
  <testcase name="testUntitled" time="14.858" classname="class01.test01"/>
</testsuite> <!-- class01.test01 -->
